{"/home/mrizaln/Documents/Courses and Learn/dicoding/DevOps and Back-End Developer Scholarship Program/Back-End/Belajar Dasar Pemrograman Javascript/12_javascript_testing/latihantesting/gradeCalculations.js": {"path":"/home/mrizaln/Documents/Courses and Learn/dicoding/DevOps and Back-End Developer Scholarship Program/Back-End/Belajar Dasar Pemrograman Javascript/12_javascript_testing/latihantesting/gradeCalculations.js","statementMap":{"0":{"start":{"line":1,"column":21},"end":{"line":7,"column":1}},"1":{"start":{"line":2,"column":29},"end":{"line":2,"column":79}},"2":{"start":{"line":2,"column":54},"end":{"line":2,"column":78}},"3":{"start":{"line":3,"column":4},"end":{"line":3,"column":62}},"4":{"start":{"line":3,"column":27},"end":{"line":3,"column":62}},"5":{"start":{"line":5,"column":22},"end":{"line":5,"column":69}},"6":{"start":{"line":5,"column":55},"end":{"line":5,"column":65}},"7":{"start":{"line":6,"column":4},"end":{"line":6,"column":39}},"8":{"start":{"line":9,"column":26},"end":{"line":18,"column":1}},"9":{"start":{"line":10,"column":22},"end":{"line":10,"column":24}},"10":{"start":{"line":11,"column":20},"end":{"line":11,"column":44}},"11":{"start":{"line":13,"column":4},"end":{"line":17,"column":5}},"12":{"start":{"line":14,"column":8},"end":{"line":14,"column":46}},"13":{"start":{"line":16,"column":8},"end":{"line":16,"column":46}},"14":{"start":{"line":20,"column":0},"end":{"line":20,"column":53}}},"fnMap":{"0":{"name":"(anonymous_0)","decl":{"start":{"line":1,"column":21},"end":{"line":1,"column":22}},"loc":{"start":{"line":1,"column":37},"end":{"line":7,"column":1}},"line":1},"1":{"name":"(anonymous_1)","decl":{"start":{"line":2,"column":46},"end":{"line":2,"column":47}},"loc":{"start":{"line":2,"column":54},"end":{"line":2,"column":78}},"line":2},"2":{"name":"(anonymous_2)","decl":{"start":{"line":5,"column":40},"end":{"line":5,"column":41}},"loc":{"start":{"line":5,"column":55},"end":{"line":5,"column":65}},"line":5},"3":{"name":"(anonymous_3)","decl":{"start":{"line":9,"column":26},"end":{"line":9,"column":27}},"loc":{"start":{"line":9,"column":48},"end":{"line":18,"column":1}},"line":9}},"branchMap":{"0":{"loc":{"start":{"line":3,"column":4},"end":{"line":3,"column":62}},"type":"if","locations":[{"start":{"line":3,"column":4},"end":{"line":3,"column":62}},{"start":{},"end":{}}],"line":3},"1":{"loc":{"start":{"line":13,"column":4},"end":{"line":17,"column":5}},"type":"if","locations":[{"start":{"line":13,"column":4},"end":{"line":17,"column":5}},{"start":{"line":15,"column":11},"end":{"line":17,"column":5}}],"line":13}},"s":{"0":1,"1":3,"2":13,"3":3,"4":0,"5":3,"6":13,"7":3,"8":1,"9":2,"10":2,"11":2,"12":1,"13":1,"14":1},"f":{"0":3,"1":13,"2":13,"3":2},"b":{"0":[0,3],"1":[1,1]},"_coverageSchema":"1a1c01bbd47fc00a2c39e90264f33305004495a9","hash":"24e42e6cbac273c441ed1532ced017bca74a6c86"}
}
